<?xml version="1.0" encoding="UTF-8"?>
<robot generator="Robot 4.1 (Python 3.9.6 on win32)" generated="20210820 19:42:54.084" rpa="false" schemaversion="2">
<suite id="s1" name="Daraz Resources" source="C:\development\robot-scripts\using_variables\daraz\tests\daraz_resources.robot">
<test id="s1-t1" name="An user should be able to navigate to daraz home page">
<kw name="Start Web Test" library="Basic_Keywords" type="SETUP">
<kw name="Open Browser" library="SeleniumLibrary">
<arg>about:blank</arg>
<arg>${BROWSER}</arg>
<doc>Opens a new browser instance to the optional ``url``.</doc>
<msg timestamp="20210820 19:42:54.463" level="INFO">Opening browser 'gc' to base url 'about:blank'.</msg>
<status status="PASS" starttime="20210820 19:42:54.463" endtime="20210820 19:42:55.937"/>
</kw>
<kw name="Maximize Browser Window" library="SeleniumLibrary">
<doc>Maximizes current browser window.</doc>
<status status="PASS" starttime="20210820 19:42:55.937" endtime="20210820 19:42:56.067"/>
</kw>
<status status="PASS" starttime="20210820 19:42:54.462" endtime="20210820 19:42:56.067"/>
</kw>
<kw name="Navigate to home page" library="Functional_Keywords">
<kw name="Navigate To Page" library="OpenPage">
<kw name="Go To" library="SeleniumLibrary">
<arg>${URL}</arg>
<doc>Navigates the current browser window to the provided ``url``.</doc>
<msg timestamp="20210820 19:42:56.070" level="INFO">Opening url 'http://www.daraz.com.bd/'</msg>
<status status="PASS" starttime="20210820 19:42:56.069" endtime="20210820 19:43:01.605"/>
</kw>
<status status="PASS" starttime="20210820 19:42:56.069" endtime="20210820 19:43:01.605"/>
</kw>
<kw name="Page Load Verification" library="OpenPage">
<kw name="Sleep" library="BuiltIn">
<arg>2s</arg>
<doc>Pauses the test executed for the given time.</doc>
<msg timestamp="20210820 19:43:03.620" level="INFO">Slept 2 seconds</msg>
<status status="PASS" starttime="20210820 19:43:01.607" endtime="20210820 19:43:03.620"/>
</kw>
<kw name="Wait Until Page Contains" library="SeleniumLibrary">
<arg>SAVE MORE ON APP</arg>
<doc>Waits until ``text`` appears on the current page.</doc>
<status status="PASS" starttime="20210820 19:43:03.621" endtime="20210820 19:43:03.705"/>
</kw>
<status status="PASS" starttime="20210820 19:43:01.606" endtime="20210820 19:43:03.705"/>
</kw>
<status status="PASS" starttime="20210820 19:42:56.068" endtime="20210820 19:43:03.705"/>
</kw>
<kw name="End Web Test" library="Basic_Keywords" type="TEARDOWN">
<kw name="Close Browser" library="SeleniumLibrary">
<doc>Closes the current browser.</doc>
<status status="PASS" starttime="20210820 19:43:03.705" endtime="20210820 19:43:06.013"/>
</kw>
<status status="PASS" starttime="20210820 19:43:03.705" endtime="20210820 19:43:06.014"/>
</kw>
<status status="PASS" starttime="20210820 19:42:54.461" endtime="20210820 19:43:06.014"/>
</test>
<test id="s1-t2" name="An user should be able to search for a product">
<kw name="Start Web Test" library="Basic_Keywords" type="SETUP">
<kw name="Open Browser" library="SeleniumLibrary">
<arg>about:blank</arg>
<arg>${BROWSER}</arg>
<doc>Opens a new browser instance to the optional ``url``.</doc>
<msg timestamp="20210820 19:43:06.039" level="INFO">Opening browser 'gc' to base url 'about:blank'.</msg>
<status status="PASS" starttime="20210820 19:43:06.037" endtime="20210820 19:43:07.439"/>
</kw>
<kw name="Maximize Browser Window" library="SeleniumLibrary">
<doc>Maximizes current browser window.</doc>
<status status="PASS" starttime="20210820 19:43:07.440" endtime="20210820 19:43:07.564"/>
</kw>
<status status="PASS" starttime="20210820 19:43:06.035" endtime="20210820 19:43:07.564"/>
</kw>
<kw name="Search for product" library="Functional_Keywords">
<kw name="Navigate to home page" library="Functional_Keywords">
<kw name="Navigate To Page" library="OpenPage">
<kw name="Go To" library="SeleniumLibrary">
<arg>${URL}</arg>
<doc>Navigates the current browser window to the provided ``url``.</doc>
<msg timestamp="20210820 19:43:07.569" level="INFO">Opening url 'http://www.daraz.com.bd/'</msg>
<status status="PASS" starttime="20210820 19:43:07.568" endtime="20210820 19:43:13.519"/>
</kw>
<status status="PASS" starttime="20210820 19:43:07.567" endtime="20210820 19:43:13.519"/>
</kw>
<kw name="Page Load Verification" library="OpenPage">
<kw name="Sleep" library="BuiltIn">
<arg>2s</arg>
<doc>Pauses the test executed for the given time.</doc>
<msg timestamp="20210820 19:43:15.524" level="INFO">Slept 2 seconds</msg>
<status status="PASS" starttime="20210820 19:43:13.521" endtime="20210820 19:43:15.524"/>
</kw>
<kw name="Wait Until Page Contains" library="SeleniumLibrary">
<arg>SAVE MORE ON APP</arg>
<doc>Waits until ``text`` appears on the current page.</doc>
<status status="PASS" starttime="20210820 19:43:15.525" endtime="20210820 19:43:15.622"/>
</kw>
<status status="PASS" starttime="20210820 19:43:13.520" endtime="20210820 19:43:15.623"/>
</kw>
<status status="PASS" starttime="20210820 19:43:07.566" endtime="20210820 19:43:15.623"/>
</kw>
<kw name="Enter Product Name" library="SearchProduct">
<kw name="Input Text" library="SeleniumLibrary">
<arg>${SEARCH_BOX}</arg>
<arg>${SEARCH_ITEM}</arg>
<doc>Types the given ``text`` into the text field identified by ``locator``.</doc>
<msg timestamp="20210820 19:43:15.625" level="INFO">Typing text 'Router' into text field 'id=q'.</msg>
<status status="PASS" starttime="20210820 19:43:15.625" endtime="20210820 19:43:15.804"/>
</kw>
<status status="PASS" starttime="20210820 19:43:15.624" endtime="20210820 19:43:15.804"/>
</kw>
<kw name="Submit Search" library="SearchProduct">
<kw name="Click Button" library="SeleniumLibrary">
<arg>${SEARCH_BUTTON}</arg>
<doc>Clicks the button identified by ``locator``.</doc>
<msg timestamp="20210820 19:43:15.806" level="INFO">Clicking button 'xpath=//*[@id="topActionHeader"]/div/div[2]/div/div[2]/form/div/div[2]/button'.</msg>
<status status="PASS" starttime="20210820 19:43:15.805" endtime="20210820 19:43:21.372"/>
</kw>
<status status="PASS" starttime="20210820 19:43:15.804" endtime="20210820 19:43:21.373"/>
</kw>
<kw name="Scroll Page" library="SearchProduct">
<kw name="Sleep" library="BuiltIn">
<arg>1s</arg>
<doc>Pauses the test executed for the given time.</doc>
<msg timestamp="20210820 19:43:22.388" level="INFO">Slept 1 second</msg>
<status status="PASS" starttime="20210820 19:43:21.374" endtime="20210820 19:43:22.388"/>
</kw>
<status status="PASS" starttime="20210820 19:43:21.373" endtime="20210820 19:43:22.389"/>
</kw>
<status status="PASS" starttime="20210820 19:43:07.565" endtime="20210820 19:43:22.389"/>
</kw>
<kw name="End Web Test" library="Basic_Keywords" type="TEARDOWN">
<kw name="Close Browser" library="SeleniumLibrary">
<doc>Closes the current browser.</doc>
<status status="PASS" starttime="20210820 19:43:22.393" endtime="20210820 19:43:24.670"/>
</kw>
<status status="PASS" starttime="20210820 19:43:22.391" endtime="20210820 19:43:24.670"/>
</kw>
<status status="PASS" starttime="20210820 19:43:06.032" endtime="20210820 19:43:24.670"/>
</test>
<test id="s1-t3" name="An user should be able to view the details of a product">
<kw name="Start Web Test" library="Basic_Keywords" type="SETUP">
<kw name="Open Browser" library="SeleniumLibrary">
<arg>about:blank</arg>
<arg>${BROWSER}</arg>
<doc>Opens a new browser instance to the optional ``url``.</doc>
<msg timestamp="20210820 19:43:24.670" level="INFO">Opening browser 'gc' to base url 'about:blank'.</msg>
<status status="PASS" starttime="20210820 19:43:24.670" endtime="20210820 19:43:26.104"/>
</kw>
<kw name="Maximize Browser Window" library="SeleniumLibrary">
<doc>Maximizes current browser window.</doc>
<status status="PASS" starttime="20210820 19:43:26.105" endtime="20210820 19:43:26.245"/>
</kw>
<status status="PASS" starttime="20210820 19:43:24.670" endtime="20210820 19:43:26.245"/>
</kw>
<kw name="Detailed view of a product" library="Functional_Keywords">
<kw name="Search for product" library="Functional_Keywords">
<kw name="Navigate to home page" library="Functional_Keywords">
<kw name="Navigate To Page" library="OpenPage">
<kw name="Go To" library="SeleniumLibrary">
<arg>${URL}</arg>
<doc>Navigates the current browser window to the provided ``url``.</doc>
<msg timestamp="20210820 19:43:26.247" level="INFO">Opening url 'http://www.daraz.com.bd/'</msg>
<status status="PASS" starttime="20210820 19:43:26.247" endtime="20210820 19:43:39.452"/>
</kw>
<status status="PASS" starttime="20210820 19:43:26.247" endtime="20210820 19:43:39.453"/>
</kw>
<kw name="Page Load Verification" library="OpenPage">
<kw name="Sleep" library="BuiltIn">
<arg>2s</arg>
<doc>Pauses the test executed for the given time.</doc>
<msg timestamp="20210820 19:43:41.463" level="INFO">Slept 2 seconds</msg>
<status status="PASS" starttime="20210820 19:43:39.454" endtime="20210820 19:43:41.463"/>
</kw>
<kw name="Wait Until Page Contains" library="SeleniumLibrary">
<arg>SAVE MORE ON APP</arg>
<doc>Waits until ``text`` appears on the current page.</doc>
<status status="PASS" starttime="20210820 19:43:41.463" endtime="20210820 19:43:41.531"/>
</kw>
<status status="PASS" starttime="20210820 19:43:39.453" endtime="20210820 19:43:41.532"/>
</kw>
<status status="PASS" starttime="20210820 19:43:26.246" endtime="20210820 19:43:41.532"/>
</kw>
<kw name="Enter Product Name" library="SearchProduct">
<kw name="Input Text" library="SeleniumLibrary">
<arg>${SEARCH_BOX}</arg>
<arg>${SEARCH_ITEM}</arg>
<doc>Types the given ``text`` into the text field identified by ``locator``.</doc>
<msg timestamp="20210820 19:43:41.533" level="INFO">Typing text 'Router' into text field 'id=q'.</msg>
<status status="PASS" starttime="20210820 19:43:41.533" endtime="20210820 19:43:41.724"/>
</kw>
<status status="PASS" starttime="20210820 19:43:41.532" endtime="20210820 19:43:41.725"/>
</kw>
<kw name="Submit Search" library="SearchProduct">
<kw name="Click Button" library="SeleniumLibrary">
<arg>${SEARCH_BUTTON}</arg>
<doc>Clicks the button identified by ``locator``.</doc>
<msg timestamp="20210820 19:43:41.727" level="INFO">Clicking button 'xpath=//*[@id="topActionHeader"]/div/div[2]/div/div[2]/form/div/div[2]/button'.</msg>
<status status="PASS" starttime="20210820 19:43:41.727" endtime="20210820 19:43:46.511"/>
</kw>
<status status="PASS" starttime="20210820 19:43:41.725" endtime="20210820 19:43:46.511"/>
</kw>
<kw name="Scroll Page" library="SearchProduct">
<kw name="Sleep" library="BuiltIn">
<arg>1s</arg>
<doc>Pauses the test executed for the given time.</doc>
<msg timestamp="20210820 19:43:47.524" level="INFO">Slept 1 second</msg>
<status status="PASS" starttime="20210820 19:43:46.513" endtime="20210820 19:43:47.525"/>
</kw>
<status status="PASS" starttime="20210820 19:43:46.512" endtime="20210820 19:43:47.525"/>
</kw>
<status status="PASS" starttime="20210820 19:43:26.246" endtime="20210820 19:43:47.526"/>
</kw>
<kw name="Verify Search Compilation" library="SearchResults">
<kw name="Sleep" library="BuiltIn">
<arg>2s</arg>
<doc>Pauses the test executed for the given time.</doc>
<msg timestamp="20210820 19:43:49.540" level="INFO">Slept 2 seconds</msg>
<status status="PASS" starttime="20210820 19:43:47.528" endtime="20210820 19:43:49.540"/>
</kw>
<kw name="Wait Until Page Contains" library="SeleniumLibrary">
<arg>${SEARCH-RESULT_VERIFICATION_TEXT}</arg>
<doc>Waits until ``text`` appears on the current page.</doc>
<status status="PASS" starttime="20210820 19:43:49.541" endtime="20210820 19:43:49.619"/>
</kw>
<kw name="Sleep" library="BuiltIn">
<arg>1s</arg>
<doc>Pauses the test executed for the given time.</doc>
<msg timestamp="20210820 19:43:50.627" level="INFO">Slept 1 second</msg>
<status status="PASS" starttime="20210820 19:43:49.619" endtime="20210820 19:43:50.627"/>
</kw>
<status status="PASS" starttime="20210820 19:43:47.527" endtime="20210820 19:43:50.627"/>
</kw>
<kw name="Click Product" library="SearchResults">
<doc>Clicks the first searched product on the page</doc>
<kw name="Sleep" library="BuiltIn">
<arg>2s</arg>
<doc>Pauses the test executed for the given time.</doc>
<msg timestamp="20210820 19:43:52.641" level="INFO">Slept 2 seconds</msg>
<status status="PASS" starttime="20210820 19:43:50.628" endtime="20210820 19:43:52.641"/>
</kw>
<kw name="Click Link" library="SeleniumLibrary">
<arg>${FIRST_SEARCHED_ITEM_ON_PAGE}</arg>
<doc>Clicks a link identified by ``locator``.</doc>
<msg timestamp="20210820 19:43:52.642" level="INFO">Clicking link 'css=#root &gt; div &gt; div.ant-row.c10-Cg &gt; div.ant-col-24 &gt; div &gt; div.ant-col-20.ant-col-push-4.c1z9Ut &gt; div.c1_t2i &gt; div:nth-child(1) &gt; div &gt; div &gt; div.c3KeDq &gt; div.c16H9d &gt; a'.</msg>
<status status="PASS" starttime="20210820 19:43:52.641" endtime="20210820 19:43:57.373"/>
</kw>
<status status="PASS" starttime="20210820 19:43:50.628" endtime="20210820 19:43:57.373"/>
</kw>
<status status="PASS" starttime="20210820 19:43:26.245" endtime="20210820 19:43:57.374"/>
</kw>
<kw name="End Web Test" library="Basic_Keywords" type="TEARDOWN">
<kw name="Close Browser" library="SeleniumLibrary">
<doc>Closes the current browser.</doc>
<status status="PASS" starttime="20210820 19:43:57.376" endtime="20210820 19:43:59.810"/>
</kw>
<status status="PASS" starttime="20210820 19:43:57.374" endtime="20210820 19:43:59.810"/>
</kw>
<status status="PASS" starttime="20210820 19:43:24.670" endtime="20210820 19:43:59.810"/>
</test>
<test id="s1-t4" name="An user can add a product to cart without signing in">
<kw name="Start Web Test" library="Basic_Keywords" type="SETUP">
<kw name="Open Browser" library="SeleniumLibrary">
<arg>about:blank</arg>
<arg>${BROWSER}</arg>
<doc>Opens a new browser instance to the optional ``url``.</doc>
<msg timestamp="20210820 19:43:59.810" level="INFO">Opening browser 'gc' to base url 'about:blank'.</msg>
<status status="PASS" starttime="20210820 19:43:59.810" endtime="20210820 19:44:01.199"/>
</kw>
<kw name="Maximize Browser Window" library="SeleniumLibrary">
<doc>Maximizes current browser window.</doc>
<status status="PASS" starttime="20210820 19:44:01.200" endtime="20210820 19:44:01.324"/>
</kw>
<status status="PASS" starttime="20210820 19:43:59.810" endtime="20210820 19:44:01.324"/>
</kw>
<kw name="Verify product added to cart" library="Functional_Keywords">
<kw name="Detailed view of a product" library="Functional_Keywords">
<kw name="Search for product" library="Functional_Keywords">
<kw name="Navigate to home page" library="Functional_Keywords">
<kw name="Navigate To Page" library="OpenPage">
<kw name="Go To" library="SeleniumLibrary">
<arg>${URL}</arg>
<doc>Navigates the current browser window to the provided ``url``.</doc>
<msg timestamp="20210820 19:44:01.328" level="INFO">Opening url 'http://www.daraz.com.bd/'</msg>
<status status="PASS" starttime="20210820 19:44:01.328" endtime="20210820 19:44:07.475"/>
</kw>
<status status="PASS" starttime="20210820 19:44:01.327" endtime="20210820 19:44:07.476"/>
</kw>
<kw name="Page Load Verification" library="OpenPage">
<kw name="Sleep" library="BuiltIn">
<arg>2s</arg>
<doc>Pauses the test executed for the given time.</doc>
<msg timestamp="20210820 19:44:09.493" level="INFO">Slept 2 seconds</msg>
<status status="PASS" starttime="20210820 19:44:07.477" endtime="20210820 19:44:09.493"/>
</kw>
<kw name="Wait Until Page Contains" library="SeleniumLibrary">
<arg>SAVE MORE ON APP</arg>
<doc>Waits until ``text`` appears on the current page.</doc>
<status status="PASS" starttime="20210820 19:44:09.493" endtime="20210820 19:44:09.552"/>
</kw>
<status status="PASS" starttime="20210820 19:44:07.476" endtime="20210820 19:44:09.552"/>
</kw>
<status status="PASS" starttime="20210820 19:44:01.327" endtime="20210820 19:44:09.553"/>
</kw>
<kw name="Enter Product Name" library="SearchProduct">
<kw name="Input Text" library="SeleniumLibrary">
<arg>${SEARCH_BOX}</arg>
<arg>${SEARCH_ITEM}</arg>
<doc>Types the given ``text`` into the text field identified by ``locator``.</doc>
<msg timestamp="20210820 19:44:09.555" level="INFO">Typing text 'Router' into text field 'id=q'.</msg>
<status status="PASS" starttime="20210820 19:44:09.554" endtime="20210820 19:44:09.704"/>
</kw>
<status status="PASS" starttime="20210820 19:44:09.553" endtime="20210820 19:44:09.705"/>
</kw>
<kw name="Submit Search" library="SearchProduct">
<kw name="Click Button" library="SeleniumLibrary">
<arg>${SEARCH_BUTTON}</arg>
<doc>Clicks the button identified by ``locator``.</doc>
<msg timestamp="20210820 19:44:09.707" level="INFO">Clicking button 'xpath=//*[@id="topActionHeader"]/div/div[2]/div/div[2]/form/div/div[2]/button'.</msg>
<status status="PASS" starttime="20210820 19:44:09.706" endtime="20210820 19:44:15.045"/>
</kw>
<status status="PASS" starttime="20210820 19:44:09.706" endtime="20210820 19:44:15.045"/>
</kw>
<kw name="Scroll Page" library="SearchProduct">
<kw name="Sleep" library="BuiltIn">
<arg>1s</arg>
<doc>Pauses the test executed for the given time.</doc>
<msg timestamp="20210820 19:44:16.050" level="INFO">Slept 1 second</msg>
<status status="PASS" starttime="20210820 19:44:15.046" endtime="20210820 19:44:16.050"/>
</kw>
<status status="PASS" starttime="20210820 19:44:15.045" endtime="20210820 19:44:16.051"/>
</kw>
<status status="PASS" starttime="20210820 19:44:01.326" endtime="20210820 19:44:16.051"/>
</kw>
<kw name="Verify Search Compilation" library="SearchResults">
<kw name="Sleep" library="BuiltIn">
<arg>2s</arg>
<doc>Pauses the test executed for the given time.</doc>
<msg timestamp="20210820 19:44:18.064" level="INFO">Slept 2 seconds</msg>
<status status="PASS" starttime="20210820 19:44:16.052" endtime="20210820 19:44:18.064"/>
</kw>
<kw name="Wait Until Page Contains" library="SeleniumLibrary">
<arg>${SEARCH-RESULT_VERIFICATION_TEXT}</arg>
<doc>Waits until ``text`` appears on the current page.</doc>
<status status="PASS" starttime="20210820 19:44:18.064" endtime="20210820 19:44:18.135"/>
</kw>
<kw name="Sleep" library="BuiltIn">
<arg>1s</arg>
<doc>Pauses the test executed for the given time.</doc>
<msg timestamp="20210820 19:44:19.149" level="INFO">Slept 1 second</msg>
<status status="PASS" starttime="20210820 19:44:18.135" endtime="20210820 19:44:19.149"/>
</kw>
<status status="PASS" starttime="20210820 19:44:16.052" endtime="20210820 19:44:19.149"/>
</kw>
<kw name="Click Product" library="SearchResults">
<doc>Clicks the first searched product on the page</doc>
<kw name="Sleep" library="BuiltIn">
<arg>2s</arg>
<doc>Pauses the test executed for the given time.</doc>
<msg timestamp="20210820 19:44:21.167" level="INFO">Slept 2 seconds</msg>
<status status="PASS" starttime="20210820 19:44:19.150" endtime="20210820 19:44:21.167"/>
</kw>
<kw name="Click Link" library="SeleniumLibrary">
<arg>${FIRST_SEARCHED_ITEM_ON_PAGE}</arg>
<doc>Clicks a link identified by ``locator``.</doc>
<msg timestamp="20210820 19:44:21.168" level="INFO">Clicking link 'css=#root &gt; div &gt; div.ant-row.c10-Cg &gt; div.ant-col-24 &gt; div &gt; div.ant-col-20.ant-col-push-4.c1z9Ut &gt; div.c1_t2i &gt; div:nth-child(1) &gt; div &gt; div &gt; div.c3KeDq &gt; div.c16H9d &gt; a'.</msg>
<status status="PASS" starttime="20210820 19:44:21.167" endtime="20210820 19:44:24.676"/>
</kw>
<status status="PASS" starttime="20210820 19:44:19.150" endtime="20210820 19:44:24.677"/>
</kw>
<status status="PASS" starttime="20210820 19:44:01.325" endtime="20210820 19:44:24.677"/>
</kw>
<kw name="Add Product To Cart" library="CartVerification">
<kw name="Click Button" library="SeleniumLibrary">
<arg>${BUTTON_ADD_TO_CART}</arg>
<doc>Clicks the button identified by ``locator``.</doc>
<msg timestamp="20210820 19:44:24.679" level="INFO">Clicking button 'xpath=//*[@id="module_add_to_cart"]/div/button[2]'.</msg>
<status status="PASS" starttime="20210820 19:44:24.678" endtime="20210820 19:44:25.165"/>
</kw>
<status status="PASS" starttime="20210820 19:44:24.678" endtime="20210820 19:44:25.165"/>
</kw>
<kw name="Page Load Verification" library="CartVerification">
<kw name="Sleep" library="BuiltIn">
<arg>2s</arg>
<doc>Pauses the test executed for the given time.</doc>
<msg timestamp="20210820 19:44:27.168" level="INFO">Slept 2 seconds</msg>
<status status="PASS" starttime="20210820 19:44:25.167" endtime="20210820 19:44:27.168"/>
</kw>
<kw name="Wait Until Page Contains" library="SeleniumLibrary">
<arg>${CART_PAGE_LOAD_VERIFICATION_LOGIN-NO}</arg>
<doc>Waits until ``text`` appears on the current page.</doc>
<status status="PASS" starttime="20210820 19:44:27.168" endtime="20210820 19:44:27.291"/>
</kw>
<status status="PASS" starttime="20210820 19:44:25.166" endtime="20210820 19:44:27.291"/>
</kw>
<status status="PASS" starttime="20210820 19:44:01.325" endtime="20210820 19:44:27.292"/>
</kw>
<kw name="End Web Test" library="Basic_Keywords" type="TEARDOWN">
<kw name="Close Browser" library="SeleniumLibrary">
<doc>Closes the current browser.</doc>
<status status="PASS" starttime="20210820 19:44:27.294" endtime="20210820 19:44:29.679"/>
</kw>
<status status="PASS" starttime="20210820 19:44:27.293" endtime="20210820 19:44:29.679"/>
</kw>
<status status="PASS" starttime="20210820 19:43:59.810" endtime="20210820 19:44:29.679"/>
</test>
<doc>This is a basic test of daraz bd to check different functionalities</doc>
<status status="PASS" starttime="20210820 19:42:54.086" endtime="20210820 19:44:29.684"/>
</suite>
<statistics>
<total>
<stat pass="4" fail="0" skip="0">All Tests</stat>
</total>
<tag>
</tag>
<suite>
<stat pass="4" fail="0" skip="0" id="s1" name="Daraz Resources">Daraz Resources</stat>
</suite>
</statistics>
<errors>
<msg timestamp="20210820 19:42:54.430" level="ERROR">Error in file 'C:\development\robot-scripts\using_variables\daraz\Resources\PO\OpenPage.robot' on line 3: Resource file '..\Resources\PO\Variables.robot' does not exist.</msg>
<msg timestamp="20210820 19:42:54.435" level="ERROR">Error in file 'C:\development\robot-scripts\using_variables\daraz\Resources\PO\SearchProduct.robot' on line 3: Resource file '..\Resources\PO\Variables.robot' does not exist.</msg>
<msg timestamp="20210820 19:42:54.440" level="ERROR">Error in file 'C:\development\robot-scripts\using_variables\daraz\Resources\PO\SearchResults.robot' on line 3: Resource file '..\Resources\PO\Variables.robot' does not exist.</msg>
<msg timestamp="20210820 19:42:54.446" level="ERROR">Error in file 'C:\development\robot-scripts\using_variables\daraz\Resources\PO\CartVerification.robot' on line 3: Resource file '..\Resources\PO\Variables.robot' does not exist.</msg>
<msg timestamp="20210820 19:42:54.451" level="ERROR">Error in file 'C:\development\robot-scripts\using_variables\daraz\Resources\PO\BuyNow.robot' on line 3: Resource file '..\Resources\PO\Variables.robot' does not exist.</msg>
<msg timestamp="20210820 19:42:54.457" level="ERROR">Error in file 'C:\development\robot-scripts\using_variables\daraz\Resources\PO\ViewCart.robot' on line 3: Resource file '..\Resources\PO\Variables.robot' does not exist.</msg>
</errors>
</robot>
